<?xml version="1.0" encoding="UTF-8"?>
<testng-results ignored="0" total="4" passed="4" failed="0" skipped="0">
  <reporter-output>
  </reporter-output>
  <suite started-at="2024-11-05T15:23:11 IST" name="Default suite" finished-at="2024-11-05T15:23:16 IST" duration-ms="5421">
    <groups>
    </groups>
    <test started-at="2024-11-05T15:23:11 IST" name="Default test" finished-at="2024-11-05T15:23:16 IST" duration-ms="5421">
      <class name="OctProj.OctProj.HTTPRequest">
        <test-method signature="ListgetUsers()[pri:1, instance:OctProj.OctProj.HTTPRequest@4ec4f3a0]" started-at="2024-11-05T15:23:11 IST" name="ListgetUsers" finished-at="2024-11-05T15:23:13 IST" duration-ms="1908" status="PASS">
          <reporter-output>
          </reporter-output>
        </test-method> <!-- ListgetUsers -->
        <test-method signature="createUser()[pri:2, instance:OctProj.OctProj.HTTPRequest@4ec4f3a0]" started-at="2024-11-05T15:23:13 IST" name="createUser" finished-at="2024-11-05T15:23:15 IST" duration-ms="2688" status="PASS">
          <reporter-output>
          </reporter-output>
        </test-method> <!-- createUser -->
        <test-method signature="UpdateUser()[pri:3, instance:OctProj.OctProj.HTTPRequest@4ec4f3a0]" started-at="2024-11-05T15:23:15 IST" name="UpdateUser" finished-at="2024-11-05T15:23:16 IST" depends-on-methods="OctProj.OctProj.HTTPRequest.createUser" duration-ms="387" status="PASS">
          <reporter-output>
          </reporter-output>
        </test-method> <!-- UpdateUser -->
        <test-method signature="deleteUser()[pri:4, instance:OctProj.OctProj.HTTPRequest@4ec4f3a0]" started-at="2024-11-05T15:23:16 IST" name="deleteUser" finished-at="2024-11-05T15:23:16 IST" duration-ms="389" status="PASS">
          <reporter-output>
          </reporter-output>
        </test-method> <!-- deleteUser -->
      </class> <!-- OctProj.OctProj.HTTPRequest -->
    </test> <!-- Default test -->
  </suite> <!-- Default suite -->
</testng-results>
